Determining if the pthread_create exist failed with the following output:
Change Dir: /home/raymond/catkin_ws/build/CMakeFiles/CMakeTmp

Run Build Command:/usr/bin/make "cmTryCompileExec859889648/fast"
/usr/bin/make -f CMakeFiles/cmTryCompileExec859889648.dir/build.make CMakeFiles/cmTryCompileExec859889648.dir/build
make[1]: Entering directory `/home/raymond/catkin_ws/build/CMakeFiles/CMakeTmp'
/usr/bin/cmake -E cmake_progress_report /home/raymond/catkin_ws/build/CMakeFiles/CMakeTmp/CMakeFiles 1
Building C object CMakeFiles/cmTryCompileExec859889648.dir/CheckSymbolExists.c.o
/usr/bin/cc    -o CMakeFiles/cmTryCompileExec859889648.dir/CheckSymbolExists.c.o   -c /home/raymond/catkin_ws/build/CMakeFiles/CMakeTmp/CheckSymbolExists.c
Linking C executable cmTryCompileExec859889648
/usr/bin/cmake -E cmake_link_script CMakeFiles/cmTryCompileExec859889648.dir/link.txt --verbose=1
/usr/bin/cc       CMakeFiles/cmTryCompileExec859889648.dir/CheckSymbolExists.c.o  -o cmTryCompileExec859889648 -rdynamic 
CMakeFiles/cmTryCompileExec859889648.dir/CheckSymbolExists.c.o: In function `main':
CheckSymbolExists.c:(.text+0x16): undefined reference to `pthread_create'
collect2: error: ld returned 1 exit status
make[1]: *** [cmTryCompileExec859889648] Error 1
make[1]: Leaving directory `/home/raymond/catkin_ws/build/CMakeFiles/CMakeTmp'
make: *** [cmTryCompileExec859889648/fast] Error 2

File /home/raymond/catkin_ws/build/CMakeFiles/CMakeTmp/CheckSymbolExists.c:
/* */
#include <pthread.h>

int main(int argc, char** argv)
{
  (void)argv;
#ifndef pthread_create
  return ((int*)(&pthread_create))[argc];
#else
  (void)argc;
  return 0;
#endif
}

Determining if the function pthread_create exists in the pthreads failed with the following output:
Change Dir: /home/raymond/catkin_ws/build/CMakeFiles/CMakeTmp

Run Build Command:/usr/bin/make "cmTryCompileExec1663998430/fast"
/usr/bin/make -f CMakeFiles/cmTryCompileExec1663998430.dir/build.make CMakeFiles/cmTryCompileExec1663998430.dir/build
make[1]: Entering directory `/home/raymond/catkin_ws/build/CMakeFiles/CMakeTmp'
/usr/bin/cmake -E cmake_progress_report /home/raymond/catkin_ws/build/CMakeFiles/CMakeTmp/CMakeFiles 1
Building C object CMakeFiles/cmTryCompileExec1663998430.dir/CheckFunctionExists.c.o
/usr/bin/cc   -DCHECK_FUNCTION_EXISTS=pthread_create   -o CMakeFiles/cmTryCompileExec1663998430.dir/CheckFunctionExists.c.o   -c /usr/share/cmake-2.8/Modules/CheckFunctionExists.c
Linking C executable cmTryCompileExec1663998430
/usr/bin/cmake -E cmake_link_script CMakeFiles/cmTryCompileExec1663998430.dir/link.txt --verbose=1
/usr/bin/cc   -DCHECK_FUNCTION_EXISTS=pthread_create    CMakeFiles/cmTryCompileExec1663998430.dir/CheckFunctionExists.c.o  -o cmTryCompileExec1663998430 -rdynamic -lpthreads 
/usr/bin/ld: cannot find -lpthreads
collect2: error: ld returned 1 exit status
make[1]: *** [cmTryCompileExec1663998430] Error 1
make[1]: Leaving directory `/home/raymond/catkin_ws/build/CMakeFiles/CMakeTmp'
make: *** [cmTryCompileExec1663998430/fast] Error 2


